2025-03-28 15:09:46.538470 - Received CBT.V508.FILE013.PDS from FILE013.XMI 
2025-03-28 15:09:46.540176 - Found $$$#DATE.txt (text/plain) in CBT.V508.FILE013.PDS, moved to PDS/$$$#DATE
2025-03-28 15:09:46.540891 - Found $$$DISC.txt (text/plain) in CBT.V508.FILE013.PDS, moved to PDS/$$$DISC
2025-03-28 15:09:46.541725 - Found $$$DOC.txt (text/plain) in CBT.V508.FILE013.PDS, moved to PDS/$$$DOC
2025-03-28 15:09:46.542391 - Found $$INDEX.txt (text/plain) in CBT.V508.FILE013.PDS, moved to PDS/$$INDEX
2025-03-28 15:09:46.543030 - Found $$THANKS.txt (text/plain) in CBT.V508.FILE013.PDS, moved to PDS/$$THANKS
2025-03-28 15:09:46.543883 - Found $NOPROP.txt (text/plain) in CBT.V508.FILE013.PDS, moved to PDS/$NOPROP
2025-03-28 15:09:46.550534 - Found @FILE013.txt (text/plain) in CBT.V508.FILE013.PDS, moved to PDS/@FILE013
2025-03-28 15:09:46.552659 - Found ACFEXIT.txt (text/plain) in CBT.V508.FILE013.PDS, moved to PDS/ACFEXIT
2025-03-28 15:09:46.553800 - Found CLEANACL.txt (text/plain) in CBT.V508.FILE013.PDS, moved to PDS/CLEANACL
2025-03-28 15:09:46.555488 - Found DSAEXIT.txt (text/plain) in CBT.V508.FILE013.PDS, moved to PDS/DSAEXIT
2025-03-28 15:09:46.556711 - Found ICHPWX01.txt (text/plain) in CBT.V508.FILE013.PDS, moved to PDS/ICHPWX01
2025-03-28 15:09:46.558350 - Found ICHRCX01.txt (text/plain) in CBT.V508.FILE013.PDS, moved to PDS/ICHRCX01
2025-03-28 15:09:46.559031 - Found ICHRCX02.txt (text/plain) in CBT.V508.FILE013.PDS, moved to PDS/ICHRCX02
2025-03-28 15:09:46.559562 - Found ICHRDSNU.txt (text/plain) in CBT.V508.FILE013.PDS, moved to PDS/ICHRDSNU
2025-03-28 15:09:46.560081 - Found ICHRDX01.txt (text/plain) in CBT.V508.FILE013.PDS, moved to PDS/ICHRDX01
2025-03-28 15:09:46.560772 - Found IGC0023I.txt (text/plain) in CBT.V508.FILE013.PDS, moved to PDS/IGC0023I
2025-03-28 15:09:46.561851 - Found JESEXIT2.txt (text/plain) in CBT.V508.FILE013.PDS, moved to PDS/JESEXIT2
2025-03-28 15:09:46.562713 - Found JES020.txt (text/plain) in CBT.V508.FILE013.PDS, moved to PDS/JES020
2025-03-28 15:09:46.563350 - Found JES020S.txt (text/plain) in CBT.V508.FILE013.PDS, moved to PDS/JES020S
2025-03-28 15:09:46.564392 - Found JOBACESS.txt (text/plain) in CBT.V508.FILE013.PDS, moved to PDS/JOBACESS
2025-03-28 15:09:46.565492 - Found JOBACOPY.txt (text/plain) in CBT.V508.FILE013.PDS, moved to PDS/JOBACOPY
2025-03-28 15:09:46.566845 - Found LISTRP.txt (text/plain) in CBT.V508.FILE013.PDS, moved to PDS/LISTRP
2025-03-28 15:09:46.568429 - Found LISTU.txt (text/plain) in CBT.V508.FILE013.PDS, moved to PDS/LISTU
2025-03-28 15:09:46.571028 - Found MACROS.txt (text/plain) in CBT.V508.FILE013.PDS, moved to PDS/MACROS
2025-03-28 15:09:46.573958 - Found NJEPROP1.txt (text/plain) in CBT.V508.FILE013.PDS, moved to PDS/NJEPROP1
2025-03-28 15:09:46.574913 - Found NJEPROP2.txt (text/plain) in CBT.V508.FILE013.PDS, moved to PDS/NJEPROP2
2025-03-28 15:09:46.575595 - Found NJEPROP3.txt (text/plain) in CBT.V508.FILE013.PDS, moved to PDS/NJEPROP3
2025-03-28 15:09:46.576834 - Found OMRACF.txt (text/plain) in CBT.V508.FILE013.PDS, moved to PDS/OMRACF
2025-03-28 15:09:46.578389 - Found OUSRSCT.txt (text/plain) in CBT.V508.FILE013.PDS, moved to PDS/OUSRSCT
2025-03-28 15:09:46.580038 - Found RACFALT.txt (text/plain) in CBT.V508.FILE013.PDS, moved to PDS/RACFALT
2025-03-28 15:09:46.581246 - Found RACFDOC.txt (text/plain) in CBT.V508.FILE013.PDS, moved to PDS/RACFDOC
2025-03-28 15:09:46.582292 - Found RACFDSET.txt (text/plain) in CBT.V508.FILE013.PDS, moved to PDS/RACFDSET
2025-03-28 15:09:46.583311 - Found RACFGRES.txt (text/plain) in CBT.V508.FILE013.PDS, moved to PDS/RACFGRES
2025-03-28 15:09:46.583991 - Found RACFGRP1.txt (text/plain) in CBT.V508.FILE013.PDS, moved to PDS/RACFGRP1
2025-03-28 15:09:46.585032 - Found RACFGRP2.txt (text/plain) in CBT.V508.FILE013.PDS, moved to PDS/RACFGRP2
2025-03-28 15:09:46.586471 - Found RACFLIST.txt (text/plain) in CBT.V508.FILE013.PDS, moved to PDS/RACFLIST
2025-03-28 15:09:46.587815 - Found RACFPROF.txt (text/plain) in CBT.V508.FILE013.PDS, moved to PDS/RACFPROF
2025-03-28 15:09:46.590192 - Found RACFPROT.txt (text/plain) in CBT.V508.FILE013.PDS, moved to PDS/RACFPROT
2025-03-28 15:09:46.591516 - Found RACFRPT.txt (text/plain) in CBT.V508.FILE013.PDS, moved to PDS/RACFRPT
2025-03-28 15:09:46.594670 - Found RACFSAMP.txt (text/plain) in CBT.V508.FILE013.PDS, moved to PDS/RACFSAMP
2025-03-28 15:09:46.595988 - Found RACFSUMM.txt (text/plain) in CBT.V508.FILE013.PDS, moved to PDS/RACFSUMM
2025-03-28 15:09:46.598254 - Found RACFTSO5.jcl (text/plain) in CBT.V508.FILE013.PDS, moved to PDS/RACFTSO5
2025-03-28 15:09:46.601063 - Found RACFUSER.jcl (text/plain) in CBT.V508.FILE013.PDS, moved to PDS/RACFUSER
2025-03-28 15:09:46.602178 - Found RACFUSR.txt (text/plain) in CBT.V508.FILE013.PDS, moved to PDS/RACFUSR
2025-03-28 15:09:46.603026 - Found RACRIX01.txt (text/plain) in CBT.V508.FILE013.PDS, moved to PDS/RACRIX01
2025-03-28 15:09:46.605475 - Found RACRIX02.txt (text/plain) in CBT.V508.FILE013.PDS, moved to PDS/RACRIX02
2025-03-28 15:09:46.607203 - Found RGROUP.txt (text/plain) in CBT.V508.FILE013.PDS, moved to PDS/RGROUP
2025-03-28 15:09:46.608767 - Found SACXTRT.txt (text/plain) in CBT.V508.FILE013.PDS, moved to PDS/SACXTRT
2025-03-28 15:09:46.609826 - Found SAGXTRT.txt (text/plain) in CBT.V508.FILE013.PDS, moved to PDS/SAGXTRT
2025-03-28 15:09:46.611135 - Found SANOADSP.txt (text/plain) in CBT.V508.FILE013.PDS, moved to PDS/SANOADSP
2025-03-28 15:09:46.612173 - Found SAPXTRT.txt (text/plain) in CBT.V508.FILE013.PDS, moved to PDS/SAPXTRT
2025-03-28 15:09:46.613549 - Found SARUSRUX.txt (text/plain) in CBT.V508.FILE013.PDS, moved to PDS/SARUSRUX
2025-03-28 15:09:46.615055 - Found SASRGEN.jcl (text/plain) in CBT.V508.FILE013.PDS, moved to PDS/SASRGEN
2025-03-28 15:09:46.616069 - Found SASRLIST.jcl (text/plain) in CBT.V508.FILE013.PDS, moved to PDS/SASRLIST
2025-03-28 15:09:46.617254 - Found SASSXXL1.txt (text/plain) in CBT.V508.FILE013.PDS, moved to PDS/SASSXXL1
2025-03-28 15:09:46.618795 - Found SAUNMASK.txt (text/plain) in CBT.V508.FILE013.PDS, moved to PDS/SAUNMASK
2025-03-28 15:09:46.619711 - Found SAUXTRT.txt (text/plain) in CBT.V508.FILE013.PDS, moved to PDS/SAUXTRT
2025-03-28 15:09:46.620955 - Found SETPW.txt (text/plain) in CBT.V508.FILE013.PDS, moved to PDS/SETPW
2025-03-28 15:09:46.621941 - Found SETPW2.txt (text/plain) in CBT.V508.FILE013.PDS, moved to PDS/SETPW2
2025-03-28 15:09:46.622702 - Found SETPW2A.txt (text/plain) in CBT.V508.FILE013.PDS, moved to PDS/SETPW2A
2025-03-28 15:09:46.623310 - Found SETUSER.txt (text/plain) in CBT.V508.FILE013.PDS, moved to PDS/SETUSER
2025-03-28 15:09:46.624601 - Found SETUSERH.txt (text/plain) in CBT.V508.FILE013.PDS, moved to PDS/SETUSERH
2025-03-28 15:09:46.626311 - Found SETUSERS.txt (text/plain) in CBT.V508.FILE013.PDS, moved to PDS/SETUSERS
2025-03-28 15:09:46.627789 - Found STARTASK.txt (text/plain) in CBT.V508.FILE013.PDS, moved to PDS/STARTASK
2025-03-28 15:09:46.628574 - Found SUBEXIT.txt (text/plain) in CBT.V508.FILE013.PDS, moved to PDS/SUBEXIT
2025-03-28 15:09:46.629384 - Found TECZ00.txt (text/plain) in CBT.V508.FILE013.PDS, moved to PDS/TECZ00
2025-03-28 15:09:46.631034 - Found TEC107.txt (text/plain) in CBT.V508.FILE013.PDS, moved to PDS/TEC107
2025-03-28 15:09:46.632236 - Found TMPFRONT.txt (text/plain) in CBT.V508.FILE013.PDS, moved to PDS/TMPFRONT
2025-03-28 15:09:46.632867 - Found TMS#RACF.txt (text/plain) in CBT.V508.FILE013.PDS, moved to PDS/TMS#RACF
2025-03-28 15:09:46.633418 - Found TSOSUB01.txt (text/plain) in CBT.V508.FILE013.PDS, moved to PDS/TSOSUB01
2025-03-28 15:09:46.634044 - Found UADSDUMP.txt (text/plain) in CBT.V508.FILE013.PDS, moved to PDS/UADSDUMP
2025-03-28 15:09:46.634773 - Found UADSREF.txt (text/plain) in CBT.V508.FILE013.PDS, moved to PDS/UADSREF
2025-03-28 15:09:46.638829 - Found UCC7DSNX.txt (text/plain) in CBT.V508.FILE013.PDS, moved to PDS/UCC7DSNX
2025-03-28 15:09:46.639902 - Found UCC7LOGF.txt (text/plain) in CBT.V508.FILE013.PDS, moved to PDS/UCC7LOGF
2025-03-28 15:09:46.641748 - Found UCC7LOGO.txt (text/plain) in CBT.V508.FILE013.PDS, moved to PDS/UCC7LOGO
2025-03-28 15:09:46.643886 - Found UNPROTCT.txt (text/plain) in CBT.V508.FILE013.PDS, moved to PDS/UNPROTCT
2025-03-28 15:09:46.645379 - Found USRSCT.txt (text/plain) in CBT.V508.FILE013.PDS, moved to PDS/USRSCT
2025-03-28 15:09:46.647002 - Found USRSVT.txt (text/plain) in CBT.V508.FILE013.PDS, moved to PDS/USRSVT
2025-03-28 15:09:46.648606 - Found VLOGON.jcl (text/plain) in CBT.V508.FILE013.PDS, moved to PDS/VLOGON
2025-03-28 15:09:46.649668 - Found VLOGONP.txt (text/plain) in CBT.V508.FILE013.PDS, moved to PDS/VLOGONP
2025-03-28 15:09:46.651248 - Found WHOIS.txt (text/plain) in CBT.V508.FILE013.PDS, moved to PDS/WHOIS
2025-03-28 15:09:46.653433 - Found WHOIS$.jcl (text/plain) in CBT.V508.FILE013.PDS, moved to PDS/WHOIS$
2025-03-28 15:09:46.656024 - Found WHOIS01.txt (text/plain) in CBT.V508.FILE013.PDS, moved to PDS/WHOIS01
2025-03-28 15:09:46.656980 - Found WPC.txt (text/plain) in CBT.V508.FILE013.PDS, moved to PDS/WPC
2025-03-28 15:09:46.657781 - Found ZAPDFP.txt (text/plain) in CBT.V508.FILE013.PDS, moved to PDS/ZAPDFP
2025-03-28 15:09:46.658469 - Found ZAPDFPO.txt (text/plain) in CBT.V508.FILE013.PDS, moved to PDS/ZAPDFPO
